Arguments: 
  C:\Program Files\nodejs\node.exe C:\Users\Alain\AppData\Roaming\npm\node_modules\yarn\bin\yarn.js install

PATH: 
  C:\Program Files (x86)\Common Files\Oracle\Java\javapath;C:\WINDOWS\system32;C:\WINDOWS;C:\WINDOWS\System32\Wbem;C:\WINDOWS\System32\WindowsPowerShell\v1.0\;C:\WINDOWS\System32\OpenSSH\;C:\Program Files\nodejs\;C:\ProgramData\chocolatey\bin;C:\Program Files\Git\cmd;C:\Program Files (x86)\HP\Common\HPDestPlgIn\;C:\Users\Alain\AppData\Local\Programs\Python\Python310\Scripts\;C:\Users\Alain\AppData\Local\Programs\Python\Python310\;C:\Users\Alain\AppData\Local\Microsoft\WindowsApps;C:\Users\Alain\AppData\Local\Programs\Microsoft VS Code\bin;C:\Users\Alain\AppData\Roaming\npm;C:\Program Files (x86)\HP\Common\HPDestPlgIn\;C:\Program Files\heroku\bin

Yarn version: 
  1.22.19

Node version: 
  16.13.2

Platform: 
  win32 x64

Trace: 
  Error: connect EHOSTUNREACH 104.16.26.35:443
      at TCPConnectWrap.afterConnect [as oncomplete] (node:net:1161:16)

npm manifest: 
  {
    "name": "moketulum",
    "version": "1.0.0",
    "main": "node_modules/expo/AppEntry.js",
    "scripts": {
      "start": "expo start",
      "android": "expo start --android",
      "ios": "expo start --ios",
      "web": "expo start --web"
    },
    "dependencies": {
      "expo": "~47.0.12",
      "expo-status-bar": "~1.4.2",
      "react": "18.1.0",
      "react-native": "0.70.5"
    },
    "devDependencies": {
      "@babel/core": "^7.12.9"
    },
    "private": true
  }

yarn manifest: 
  No manifest

Lockfile: 
  No lockfile
